<?xml version="1.0" encoding="UTF-8" ?>
<testsuite tests="5" failures="0" name="br.mg.karlorms.runners.RunnerTest" time="0.117" errors="0" skipped="0">
  <properties>
[...]
</properties>
  <testcase classname="Alugar filme" name="Deve alugar um filme com sucesso" time="0.076"/>
  <testcase classname="Alugar filme" name="Nao deve alugar filme sem estoque" time="0.01"/>
  <testcase classname="Alugar filme" name="Deve dar condicoes conforme tipo de aluguel #1" time="0.011"/>
  <testcase classname="Alugar filme" name="Deve dar condicoes conforme tipo de aluguel #2" time="0.011"/>
  <testcase classname="Alugar filme" name="Deve dar condicoes conforme tipo de aluguel #3" time="0.009"/>
</testsuite>